<?xml version="1.0" encoding="UTF-8"?>
<!-- Generated by org.testng.reporters.JUnitReportReporter -->
<testsuite skipped="0" hostname="om-PC" name="Demo3" tests="1" failures="0" timestamp="27 Aug 2019 08:38:02 GMT" time="0.089" errors="0">
  <testcase name="test1" time="0.089" classname="Demo3"/>
</testsuite> <!-- Demo3 -->
